# JRE version: Java(TM) SE Runtime Environment (16.0.2+7) (build 16.0.2+7-67)
# Java VM: Java HotSpot(TM) 64-Bit Server VM (16.0.2+7-67, mixed mode, sharing, tiered, compressed oops, compressed class ptrs, g1 gc, windows-amd64)
GC Precious Log:
 CPUs: 8 total, 8 available
 Memory: 6082M
 Large Page Support: Disabled
 NUMA Support: Disabled
 Compressed Oops: Enabled (32-bit)
 Heap Region Size: 1M
 Heap Min Capacity: 8M
 Heap Initial Capacity: 96M
 Heap Max Capacity: 1522M
 Pre-touch: Disabled
 Parallel Workers: 8
 Concurrent Workers: 2
 Concurrent Refinement Workers: 8
 Periodic GC: Disabled
Heap:
 garbage-first heap   total 118784K, used 50929K [0x00000000a0e00000, 0x0000000100000000)
  region size 1024K, 1 young (1024K), 1 survivors (1024K)
 Metaspace       used 26974K, committed 27520K, reserved 1081344K
  class space    used 2912K, committed 3200K, reserved 1048576K
GC Heap History (20 events):
Event: 6.383 GC heap after
{Heap after GC invocations=11 (full 0):
 garbage-first heap   total 75776K, used 27953K [0x00000000a0e00000, 0x0000000100000000)
  region size 1024K, 5 young (5120K), 5 survivors (5120K)
 Metaspace       used 23089K, committed 23360K, reserved 1073152K
  class space    used 2534K, committed 2688K, reserved 1048576K
}
Event: 6.464 GC heap before
{Heap before GC invocations=11 (full 0):
 garbage-first heap   total 75776K, used 53553K [0x00000000a0e00000, 0x0000000100000000)
  region size 1024K, 30 young (30720K), 5 survivors (5120K)
 Metaspace       used 23091K, committed 23360K, reserved 1073152K
  class space    used 2534K, committed 2688K, reserved 1048576K
}
Event: 6.471 GC heap after
{Heap after GC invocations=12 (full 0):
 garbage-first heap   total 91136K, used 31806K [0x00000000a0e00000, 0x0000000100000000)
  region size 1024K, 3 young (3072K), 3 survivors (3072K)
 Metaspace       used 23091K, committed 23360K, reserved 1073152K
  class space    used 2534K, committed 2688K, reserved 1048576K
}
Event: 6.740 GC heap before
{Heap before GC invocations=12 (full 0):
 garbage-first heap   total 91136K, used 63550K [0x00000000a0e00000, 0x0000000100000000)
  region size 1024K, 35 young (35840K), 3 survivors (3072K)
 Metaspace       used 23632K, committed 23936K, reserved 1073152K
  class space    used 2595K, committed 2752K, reserved 1048576K
}
Event: 6.748 GC heap after
{Heap after GC invocations=13 (full 0):
 garbage-first heap   total 91136K, used 34206K [0x00000000a0e00000, 0x0000000100000000)
  region size 1024K, 5 young (5120K), 5 survivors (5120K)
 Metaspace       used 23632K, committed 23936K, reserved 1073152K
  class space    used 2595K, committed 2752K, reserved 1048576K
}
Event: 7.439 GC heap before
{Heap before GC invocations=13 (full 0):
 garbage-first heap   total 91136K, used 66974K [0x00000000a0e00000, 0x0000000100000000)
  region size 1024K, 37 young (37888K), 5 survivors (5120K)
 Metaspace       used 24859K, committed 25216K, reserved 1073152K
  class space    used 2733K, committed 2944K, reserved 1048576K
}
Event: 7.452 GC heap after
{Heap after GC invocations=14 (full 0):
 garbage-first heap   total 91136K, used 38429K [0x00000000a0e00000, 0x0000000100000000)
  region size 1024K, 4 young (4096K), 4 survivors (4096K)
 Metaspace       used 24859K, committed 25216K, reserved 1073152K
  class space    used 2733K, committed 2944K, reserved 1048576K
}
Event: 8.162 GC heap before
{Heap before GC invocations=14 (full 0):
 garbage-first heap   total 91136K, used 67101K [0x00000000a0e00000, 0x0000000100000000)
  region size 1024K, 33 young (33792K), 4 survivors (4096K)
 Metaspace       used 26666K, committed 27008K, reserved 1073152K
  class space    used 2900K, committed 3072K, reserved 1048576K
}
Event: 8.170 GC heap after
{Heap after GC invocations=15 (full 0):
 garbage-first heap   total 91136K, used 38004K [0x00000000a0e00000, 0x0000000100000000)
  region size 1024K, 1 young (1024K), 1 survivors (1024K)
 Metaspace       used 26666K, committed 27008K, reserved 1073152K
  class space    used 2900K, committed 3072K, reserved 1048576K
}
Event: 8.282 GC heap before
{Heap before GC invocations=15 (full 0):
 garbage-first heap   total 91136K, used 70772K [0x00000000a0e00000, 0x0000000100000000)
  region size 1024K, 33 young (33792K), 1 survivors (1024K)
 Metaspace       used 26674K, committed 27008K, reserved 1073152K
  class space    used 2901K, committed 3072K, reserved 1048576K
}
Event: 8.287 GC heap after
{Heap after GC invocations=16 (full 0):
 garbage-first heap   total 118784K, used 39258K [0x00000000a0e00000, 0x0000000100000000)
  region size 1024K, 2 young (2048K), 2 survivors (2048K)
 Metaspace       used 26674K, committed 27008K, reserved 1073152K
  class space    used 2901K, committed 3072K, reserved 1048576K
}
Event: 8.891 GC heap before
{Heap before GC invocations=16 (full 0):
 garbage-first heap   total 118784K, used 93530K [0x00000000a0e00000, 0x0000000100000000)
  region size 1024K, 54 young (55296K), 2 survivors (2048K)
 Metaspace       used 26745K, committed 27136K, reserved 1073152K
  class space    used 2902K, committed 3136K, reserved 1048576K
}
Event: 8.903 GC heap after
{Heap after GC invocations=17 (full 0):
 garbage-first heap   total 118784K, used 55614K [0x00000000a0e00000, 0x0000000100000000)
  region size 1024K, 7 young (7168K), 7 survivors (7168K)
 Metaspace       used 26745K, committed 27136K, reserved 1073152K
  class space    used 2902K, committed 3136K, reserved 1048576K
}
Event: 8.914 GC heap before
{Heap before GC invocations=17 (full 0):
 garbage-first heap   total 118784K, used 88382K [0x00000000a0e00000, 0x0000000100000000)
  region size 1024K, 40 young (40960K), 7 survivors (7168K)
 Metaspace       used 26745K, committed 27136K, reserved 1073152K
  class space    used 2902K, committed 3136K, reserved 1048576K
}
Event: 8.920 GC heap after
{Heap after GC invocations=18 (full 0):
 garbage-first heap   total 118784K, used 56210K [0x00000000a0e00000, 0x0000000100000000)
  region size 1024K, 1 young (1024K), 1 survivors (1024K)
 Metaspace       used 26745K, committed 27136K, reserved 1073152K
  class space    used 2902K, committed 3136K, reserved 1048576K
}
Event: 9.775 GC heap before
{Heap before GC invocations=18 (full 0):
 garbage-first heap   total 118784K, used 91026K [0x00000000a0e00000, 0x0000000100000000)
  region size 1024K, 36 young (36864K), 1 survivors (1024K)
 Metaspace       used 28102K, committed 28480K, reserved 1081344K
  class space    used 3057K, committed 3264K, reserved 1048576K
}
Event: 9.780 GC heap after
{Heap after GC invocations=19 (full 0):
 garbage-first heap   total 118784K, used 58304K [0x00000000a0e00000, 0x0000000100000000)
  region size 1024K, 3 young (3072K), 3 survivors (3072K)
 Metaspace       used 28102K, committed 28480K, reserved 1081344K
  class space    used 3057K, committed 3264K, reserved 1048576K
}
Event: 10.321 GC heap before
{Heap before GC invocations=20 (full 0):
 garbage-first heap   total 118784K, used 92096K [0x00000000a0e00000, 0x0000000100000000)
  region size 1024K, 37 young (37888K), 3 survivors (3072K)
 Metaspace       used 26974K, committed 27520K, reserved 1081344K
  class space    used 2912K, committed 3200K, reserved 1048576K
}
Event: 10.327 GC heap after
{Heap after GC invocations=21 (full 0):
 garbage-first heap   total 118784K, used 57494K [0x00000000a0e00000, 0x0000000100000000)
  region size 1024K, 4 young (4096K), 4 survivors (4096K)
 Metaspace       used 26974K, committed 27520K, reserved 1081344K
  class space    used 2912K, committed 3200K, reserved 1048576K
}
Event: 10.369 GC heap before
{Heap before GC invocations=21 (full 0):
 garbage-first heap   total 118784K, used 59542K [0x00000000a0e00000, 0x0000000100000000)
  region size 1024K, 6 young (6144K), 4 survivors (4096K)
 Metaspace       used 26974K, committed 27520K, reserved 1081344K
  class space    used 2912K, committed 3200K, reserved 1048576K
}

